0
125
194
90
146
113
61
108
156
163
1
120
105
71
164
211
7
30
168
18
56
207
185
101
135
52
28
86
109
73
55
27
70
114
104
155
72
98
191
51
139
133
82
74
144
131
19
92
141
183
153
178
78
195
148
176
31
63
186
182
165
43
100
121
175
130
67
3
60
53
35
128
209
170
14
204
9
81
91
84
44
154
138
75
159
40
96
8
202
184
162
95
158
212
34
142
48
58
39
21
200
76
41
214
199
26
147
210
177
68
46
157
6
88
103
119
115
201
5
94
54
79
205
117
134
89
122
85
47
49
190
197
167
110
149
172
62
50
66
32
132
102
13
87
97
10
77
112
145
25
196
83
198
38
118
116
123
137
192
33
93
187
45
127
143
59
129
169
16
151
181
12
37
80
65
179
29
124
173
15
213
107
69
11
166
20
57
136
189
208
160
17
4
126
150
161
24
174
2
152
64
42
193
203
36
99
111
188
171
106
22
180
23
140
206
